<?xml version="1.0" encoding="UTF-8"?>
<coverage generated="1717196091680" clover="3.2.0">
  <project timestamp="1717196091680" name="All files">
    <metrics statements="1" coveredstatements="1" conditionals="0" coveredconditionals="0" methods="1" coveredmethods="1" elements="2" coveredelements="2" complexity="0" loc="1" ncloc="1" packages="1" files="3" classes="3"/>
    <file name="index.ts" path="/Users/macbook/Documents/CODE/2024/status_tz/src/index.ts">
      <metrics statements="1" coveredstatements="1" conditionals="0" coveredconditionals="0" methods="1" coveredmethods="1"/>
      <line num="1" count="1" type="stmt"/>
    </file>
    <file name="items.js" path="/Users/macbook/Documents/CODE/2024/status_tz/src/items.js">
      <metrics statements="0" coveredstatements="0" conditionals="0" coveredconditionals="0" methods="0" coveredmethods="0"/>
    </file>
    <file name="script.js" path="/Users/macbook/Documents/CODE/2024/status_tz/src/script.js">
      <metrics statements="0" coveredstatements="0" conditionals="0" coveredconditionals="0" methods="0" coveredmethods="0"/>
    </file>
  </project>
</coverage>
