{"/Users/macbook/Documents/CODE/2024/status_tz/src/index.ts": {"path":"/Users/macbook/Documents/CODE/2024/status_tz/src/index.ts","statementMap":{"0":{"start":{"line":1,"column":19},"end":{"line":1,"column":48}},"1":{"start":{"line":1,"column":43},"end":{"line":1,"column":48}},"2":{"start":{"line":1,"column":13},"end":{"line":1,"column":19}}},"fnMap":{"0":{"name":"(anonymous_0)","decl":{"start":{"line":1,"column":19},"end":{"line":1,"column":20}},"loc":{"start":{"line":1,"column":43},"end":{"line":1,"column":48}}}},"branchMap":{},"s":{"0":1,"1":1,"2":1},"f":{"0":1},"b":{}}
,"/Users/macbook/Documents/CODE/2024/status_tz/src/items.js": {"path":"/Users/macbook/Documents/CODE/2024/status_tz/src/items.js","statementMap":{},"fnMap":{},"branchMap":{},"s":{},"f":{},"b":{},"inputSourceMap":null}
,"/Users/macbook/Documents/CODE/2024/status_tz/src/script.js": {"path":"/Users/macbook/Documents/CODE/2024/status_tz/src/script.js","statementMap":{},"fnMap":{},"branchMap":{},"s":{},"f":{},"b":{},"inputSourceMap":null}
}
