{"/Users/macbook/Documents/CODE/2024/status_tz/src/data.ts": {"path":"/Users/macbook/Documents/CODE/2024/status_tz/src/data.ts","statementMap":{"0":{"start":{"line":3,"column":13},"end":{"line":54,"column":2}}},"fnMap":{},"branchMap":{},"s":{"0":0},"f":{},"b":{}}
,"/Users/macbook/Documents/CODE/2024/status_tz/src/index.ts": {"path":"/Users/macbook/Documents/CODE/2024/status_tz/src/index.ts","statementMap":{"0":{"start":{"line":8,"column":8},"end":{"line":8,"column":null}},"1":{"start":{"line":10,"column":8},"end":{"line":10,"column":null}},"2":{"start":{"line":11,"column":8},"end":{"line":11,"column":null}},"3":{"start":{"line":11,"column":30},"end":{"line":11,"column":60}},"4":{"start":{"line":15,"column":8},"end":{"line":15,"column":null}},"5":{"start":{"line":19,"column":8},"end":{"line":19,"column":null}},"6":{"start":{"line":24,"column":8},"end":{"line":24,"column":null}},"7":{"start":{"line":24,"column":41},"end":{"line":24,"column":58}},"8":{"start":{"line":28,"column":25},"end":{"line":28,"column":74}},"9":{"start":{"line":28,"column":55},"end":{"line":28,"column":72}},"10":{"start":{"line":30,"column":8},"end":{"line":32,"column":9}},"11":{"start":{"line":31,"column":12},"end":{"line":31,"column":null}},"12":{"start":{"line":34,"column":8},"end":{"line":34,"column":null}},"13":{"start":{"line":38,"column":24},"end":{"line":38,"column":26}},"14":{"start":{"line":39,"column":26},"end":{"line":39,"column":44}},"15":{"start":{"line":41,"column":8},"end":{"line":44,"column":9}},"16":{"start":{"line":42,"column":12},"end":{"line":42,"column":null}},"17":{"start":{"line":43,"column":12},"end":{"line":43,"column":null}},"18":{"start":{"line":46,"column":8},"end":{"line":46,"column":null}},"19":{"start":{"line":3,"column":0},"end":{"line":3,"column":13}}},"fnMap":{"0":{"name":"(anonymous_0)","decl":{"start":{"line":7,"column":4},"end":{"line":7,"column":16}},"loc":{"start":{"line":7,"column":29},"end":{"line":12,"column":5}}},"1":{"name":"(anonymous_1)","decl":{"start":{"line":11,"column":22},"end":{"line":11,"column":26}},"loc":{"start":{"line":11,"column":30},"end":{"line":11,"column":60}}},"2":{"name":"(anonymous_2)","decl":{"start":{"line":14,"column":4},"end":{"line":14,"column":10}},"loc":{"start":{"line":14,"column":10},"end":{"line":16,"column":5}}},"3":{"name":"(anonymous_3)","decl":{"start":{"line":18,"column":4},"end":{"line":18,"column":11}},"loc":{"start":{"line":18,"column":18},"end":{"line":20,"column":5}}},"4":{"name":"(anonymous_4)","decl":{"start":{"line":23,"column":4},"end":{"line":23,"column":15}},"loc":{"start":{"line":23,"column":22},"end":{"line":25,"column":5}}},"5":{"name":"(anonymous_5)","decl":{"start":{"line":24,"column":33},"end":{"line":24,"column":37}},"loc":{"start":{"line":24,"column":41},"end":{"line":24,"column":58}}},"6":{"name":"(anonymous_6)","decl":{"start":{"line":27,"column":4},"end":{"line":27,"column":18}},"loc":{"start":{"line":27,"column":25},"end":{"line":35,"column":5}}},"7":{"name":"(anonymous_7)","decl":{"start":{"line":28,"column":47},"end":{"line":28,"column":51}},"loc":{"start":{"line":28,"column":55},"end":{"line":28,"column":72}}},"8":{"name":"(anonymous_8)","decl":{"start":{"line":37,"column":4},"end":{"line":37,"column":17}},"loc":{"start":{"line":37,"column":24},"end":{"line":47,"column":5}}}},"branchMap":{},"s":{"0":1,"1":1,"2":1,"3":10,"4":1,"5":3,"6":10,"7":100,"8":1,"9":10,"10":1,"11":7,"12":1,"13":1,"14":1,"15":1,"16":3,"17":3,"18":1,"19":1},"f":{"0":1,"1":10,"2":1,"3":3,"4":10,"5":100,"6":1,"7":10,"8":1},"b":{}}
,"/Users/macbook/Documents/CODE/2024/status_tz/src/types.d.ts": {"path":"/Users/macbook/Documents/CODE/2024/status_tz/src/types.d.ts","statementMap":{},"fnMap":{},"branchMap":{},"s":{},"f":{},"b":{}}
}
